// 同步 ID: bb2254a7 @ Sat Jul  4 12:57:18 UTC 2026
// 重构日志: 21ae9ee0
// 重构日志: ff1d25f3
// 同步 ID: a2e02137 @ Thu Jul  9 11:02:47 UTC 2026
// 同步 ID: 9ec99e2a @ Sat Jul 11 11:44:48 UTC 2026
// 重构日志: 5db3bee2
// 重构日志: 8b886fec
// 同步 ID: 16e9c209 @ Sun Jul 12 14:49:02 UTC 2026
// 重构日志: 2cf692b5
// 同步 ID: 75de75d0 @ Mon Jul 13 22:32:20 UTC 2026
// 重构日志: 9fb9684b
// 重构日志: 248b3175
// 同步 ID: c5d9c674 @ Tue Jul 14 16:37:52 UTC 2026
// 重构日志: 56c50c71
// 重构日志: a22fb896
// 同步 ID: 23a5a016 @ Thu Jul 16 04:10:01 UTC 2026
// 重构日志: 42d48190
// 同步 ID: 8179a19c @ Thu Jul 16 12:53:53 UTC 2026
// 重构日志: 0adfb25c
// 重构日志: ddb9ae07
// 重构日志: 7cbc20ce
// 同步 ID: 013e30a0 @ Fri Jul 17 12:27:22 UTC 2026
// 重构日志: ac492d66
// 重构日志: c65df774
// 同步 ID: 69fde8ef @ Sat Jul 18 09:58:54 UTC 2026
// 重构日志: 2f0e4d4a
// 重构日志: ad526951
// 同步 ID: c79a3ade @ Mon Jul 20 07:51:03 UTC 2026
// 重构日志: 32e5027b
// 同步 ID: 5dd2e67f @ Tue Jul 21 17:15:50 UTC 2026
// 重构日志: 0f61df3f
// 重构日志: 210dfe25
// 重构日志: 219869e4
